[2024-12-02 10:57:15] local.INFO: Data diterima {"all_data":{"id":57,"name":"Ahmadaaa","email":"ahmad04102019@gmail.com","role":"admin","password":"$2y$12$8R2pjpk6VFrHPTGL9uyKA.bIP00TKXBLyghyEw/gZiOOCJC1y/7hO"}} 
[2024-12-02 10:57:38] local.INFO: Data diterima {"all_data":{"id":57,"name":"Ahmadaaa","email":"ahmad04102019@gmail.com","role":"admin","password":"$2y$12$8R2pjpk6VFrHPTGL9uyKA.bIP00TKXBLyghyEw/gZiOOCJC1y/7hO"}} 
[2024-12-02 10:58:24] local.INFO: Data diterima {"all_data":{"id":57,"name":"Ahmadaku","email":"ahmad04102019@gmail.com","role":"admin","password":"$2y$12$8R2pjpk6VFrHPTGL9uyKA.bIP00TKXBLyghyEw/gZiOOCJC1y/7hO"}} 
[2024-12-02 10:58:47] local.INFO: Data diterima {"all_data":{"id":57,"name":"Ahmadaku","email":"ahmad04102019@gmail.com","role":"admin","password":"$2y$12$8R2pjpk6VFrHPTGL9uyKA.bIP00TKXBLyghyEw/gZiOOCJC1y/7hO"}} 
[2024-12-02 10:58:53] local.INFO: Data diterima {"all_data":{"id":57,"name":"Ahmadaku","email":"ahmad04102019@gmail.com","role":"admin","password":"$2y$12$8R2pjpk6VFrHPTGL9uyKA.bIP00TKXBLyghyEw/gZiOOCJC1y/7hO"}} 
[2024-12-02 10:58:54] local.INFO: Data diterima {"all_data":{"id":57,"name":"Ahmadaku","email":"ahmad04102019@gmail.com","role":"admin","password":"$2y$12$8R2pjpk6VFrHPTGL9uyKA.bIP00TKXBLyghyEw/gZiOOCJC1y/7hO"}} 
[2024-12-02 10:59:25] local.INFO: Data diterima {"all_data":{"id":57,"name":"Ahmadaku","email":"ahmad04102019@gmail.com","role":"admin","password":"$2y$12$8R2pjpk6VFrHPTGL9uyKA.bIP00TKXBLyghyEw/gZiOOCJC1y/7hO"}} 
[2024-12-02 10:59:30] local.INFO: Data diterima {"all_data":{"id":57,"name":"Ahmadaku","email":"ahmad04102019@gmail.com","role":"admin","password":"$2y$12$8R2pjpk6VFrHPTGL9uyKA.bIP00TKXBLyghyEw/gZiOOCJC1y/7hO"}} 
[2024-12-02 11:00:38] local.INFO: Data diterima {"all_data":{"id":57,"name":"Ahmadaku","email":"ahmad04102019@gmail.com","role":"admin","password":"$2y$12$8R2pjpk6VFrHPTGL9uyKA.bIP00TKXBLyghyEw/gZiOOCJC1y/7hO"}} 
[2024-12-02 11:00:48] local.INFO: Data diterima {"all_data":{"id":57,"name":"Ahmadaku","email":"ahmad04102019@gmail.com","role":"admin","password":"$2y$12$8R2pjpk6VFrHPTGL9uyKA.bIP00TKXBLyghyEw/gZiOOCJC1y/7hO"}} 
[2024-12-02 11:01:03] local.INFO: Data diterima {"all_data":{"id":57,"name":"Ahmadaku","email":"ahmad04102019@gmail.com","role":"admin","password":"$2y$12$8R2pjpk6VFrHPTGL9uyKA.bIP00TKXBLyghyEw/gZiOOCJC1y/7hO"}} 
[2024-12-02 11:01:14] local.INFO: Data diterima {"all_data":{"id":57,"name":"Ahmadaku","email":"ahmad04102019@gmail.com","role":"admin","password":"$2y$12$8R2pjpk6VFrHPTGL9uyKA.bIP00TKXBLyghyEw/gZiOOCJC1y/7hO"}} 
[2024-12-02 11:01:48] local.INFO: Data diterima {"all_data":{"id":57,"name":"Ahmadaku","email":"ahmad04102019@gmail.com","role":"admin","password":"$2y$12$8R2pjpk6VFrHPTGL9uyKA.bIP00TKXBLyghyEw/gZiOOCJC1y/7hO"}} 
[2024-12-02 11:02:05] local.INFO: Data diterima {"all_data":{"id":57,"name":"Ahmadaku","email":"ahmad04102019@gmail.com","role":"admin","password":"$2y$12$8R2pjpk6VFrHPTGL9uyKA.bIP00TKXBLyghyEw/gZiOOCJC1y/7hO"}} 
[2024-12-02 11:02:12] local.INFO: Data diterima {"all_data":{"id":57,"name":"Ahmadaku","email":"ahmad04102019@gmail.com","role":"admin","password":"$2y$12$8R2pjpk6VFrHPTGL9uyKA.bIP00TKXBLyghyEw/gZiOOCJC1y/7hO"}} 
[2024-12-02 11:03:09] local.INFO: Data diterima {"all_data":{"id":57,"name":"Ahmadakua","email":"ahmad04102019@gmail.com","role":"admin","password":"$2y$12$8R2pjpk6VFrHPTGL9uyKA.bIP00TKXBLyghyEw/gZiOOCJC1y/7hO"}} 
[2024-12-02 11:08:27] local.INFO: Data diterima {"all_data":{"id":57,"name":"Ahmadaaaaaa","email":"ahmad04102019@gmail.com","role":"admin","password":"$2y$12$8R2pjpk6VFrHPTGL9uyKA.bIP00TKXBLyghyEw/gZiOOCJC1y/7hO"}} 
[2024-12-02 11:08:43] local.INFO: Data diterima {"all_data":{"id":57,"name":"Ahmadaaaa","email":"ahmad04102019@gmail.com","role":"admin","password":"$2y$12$8R2pjpk6VFrHPTGL9uyKA.bIP00TKXBLyghyEw/gZiOOCJC1y/7hO"}} 
[2024-12-02 11:08:58] local.INFO: Data diterima {"all_data":{"id":57,"name":"Ahmadaaaa","email":"ahmad04102019@gmail.com","role":"admin","password":"$2y$12$8R2pjpk6VFrHPTGL9uyKA.bIP00TKXBLyghyEw/gZiOOCJC1y/7hO"}} 
[2024-12-02 11:09:47] local.INFO: Data diterima {"all_data":{"id":57,"name":"Ahmadaaaa","email":"ahmad04102019@gmail.com","role":"admin","password":"$2y$12$8R2pjpk6VFrHPTGL9uyKA.bIP00TKXBLyghyEw/gZiOOCJC1y/7hO"}} 
[2024-12-02 11:10:08] local.INFO: Data diterima {"all_data":{"id":57,"name":"AhmadAKu","email":"ahmad04102019@gmail.com","role":"admin","password":"$2y$12$8R2pjpk6VFrHPTGL9uyKA.bIP00TKXBLyghyEw/gZiOOCJC1y/7hO"}} 
[2024-12-02 11:14:04] local.INFO: Data diterima {"all_data":{"id":57,"name":"Ahmad","email":"ahmad04102019@gmail.com","role":"admin","password":"$2y$12$8R2pjpk6VFrHPTGL9uyKA.bIP00TKXBLyghyEw/gZiOOCJC1y/7hO"}} 
[2024-12-02 11:14:56] local.INFO: Data diterima {"all_data":{"id":57,"name":"AhmadAKu","email":"ahmad04102019@gmail.com","role":"admin","password":"$2y$12$8R2pjpk6VFrHPTGL9uyKA.bIP00TKXBLyghyEw/gZiOOCJC1y/7hO"}} 
[2024-12-02 11:15:07] local.INFO: Data diterima {"all_data":{"id":57,"name":"Ahmad","email":"ahmad04102019@gmail.com","role":"admin","password":"$2y$12$8R2pjpk6VFrHPTGL9uyKA.bIP00TKXBLyghyEw/gZiOOCJC1y/7hO"}} 
[2024-12-02 11:15:23] local.INFO: Data diterima {"all_data":{"id":57,"name":"AhmadDisini","email":"ahmad04102019@gmail.com","role":"admin","password":"$2y$12$8R2pjpk6VFrHPTGL9uyKA.bIP00TKXBLyghyEw/gZiOOCJC1y/7hO"}} 
[2024-12-02 11:16:16] local.INFO: Data diterima {"all_data":{"id":57,"name":"Ahmad","email":"ahmad04102019@gmail.com","role":"admin","password":"$2y$12$8R2pjpk6VFrHPTGL9uyKA.bIP00TKXBLyghyEw/gZiOOCJC1y/7hO"}} 
[2024-12-02 11:16:46] local.INFO: Data diterima {"all_data":{"id":57,"name":"Ahmad","email":"ahmad04102019@gmail.com","role":"admin","password":"$2y$12$8R2pjpk6VFrHPTGL9uyKA.bIP00TKXBLyghyEw/gZiOOCJC1y/7hO"}} 
[2024-12-02 11:17:13] local.INFO: Data diterima {"all_data":{"id":57,"name":"AKuAhmad","email":"ahmad04102019@gmail.com","role":"admin","password":"$2y$12$8R2pjpk6VFrHPTGL9uyKA.bIP00TKXBLyghyEw/gZiOOCJC1y/7hO"}} 
[2024-12-02 11:20:35] local.INFO: Data diterima {"all_data":{"id":57,"name":"Ahmad","email":"ahmad04102019@gmail.com","role":"admin","password":"$2y$12$8R2pjpk6VFrHPTGL9uyKA.bIP00TKXBLyghyEw/gZiOOCJC1y/7hO"}} 
[2024-12-02 11:21:10] local.INFO: Data diterima {"all_data":{"id":57,"name":"AhmadSaja","email":"ahmad04102020@gmail.com","role":"admin","password":"$2y$12$8R2pjpk6VFrHPTGL9uyKA.bIP00TKXBLyghyEw/gZiOOCJC1y/7hO"}} 
[2024-12-02 11:22:43] local.INFO: Data diterima {"all_data":{"id":57,"name":"Ahmad","email":"ahmad04102020@gmail.com","role":"admin","password":"$2y$12$8R2pjpk6VFrHPTGL9uyKA.bIP00TKXBLyghyEw/gZiOOCJC1y/7hO"}} 
[2024-12-02 11:23:34] local.INFO: Data diterima {"all_data":[]} 
[2024-12-02 11:23:40] local.INFO: Data diterima {"all_data":{"id":57,"name":"Ahmad","email":"ahmad04102020@gmail.com","role":"admin","password":"$2y$12$8R2pjpk6VFrHPTGL9uyKA.bIP00TKXBLyghyEw/gZiOOCJC1y/7hO"}} 
[2024-12-02 11:31:23] local.INFO: Data diterima {"all_data":{"id":57,"name":"Ahmad","email":"ahmad04102020@gmail.com","role":"admin","password":"$2y$12$8R2pjpk6VFrHPTGL9uyKA.bIP00TKXBLyghyEw/gZiOOCJC1y/7hO"}} 
[2024-12-02 11:31:39] local.INFO: Data diterima {"all_data":{"id":57,"name":"Ahmad","email":"ahmad04102020@gmail.com","role":"admin","password":"$2y$12$8R2pjpk6VFrHPTGL9uyKA.bIP00TKXBLyghyEw/gZiOOCJC1y/7hO"}} 
[2024-12-02 11:31:45] local.INFO: Data diterima {"all_data":{"id":57,"name":"AhmadAss","email":"ahmad04102020@gmail.com","role":"admin","password":"$2y$12$8R2pjpk6VFrHPTGL9uyKA.bIP00TKXBLyghyEw/gZiOOCJC1y/7hO"}} 
[2024-12-02 11:36:11] local.INFO: Data diterima {"all_data":{"id":57,"name":"Ahmad","email":"ahmad04102019@gmail.com","role":"admin","password":"$2y$12$8R2pjpk6VFrHPTGL9uyKA.bIP00TKXBLyghyEw/gZiOOCJC1y/7hO"}} 
[2024-12-02 11:36:14] local.INFO: Data diterima {"all_data":{"id":57,"name":"Ahmad","email":"ahmad04102019@gmail.com","role":"admin","password":"$2y$12$8R2pjpk6VFrHPTGL9uyKA.bIP00TKXBLyghyEw/gZiOOCJC1y/7hO"}} 
[2024-12-02 11:36:28] local.INFO: Data diterima {"all_data":{"id":57,"name":"Ahmad","email":"ahmad04102019@gmail.com","role":"admin","password":"$2y$12$8R2pjpk6VFrHPTGL9uyKA.bIP00TKXBLyghyEw/gZiOOCJC1y/7hO"}} 
[2024-12-02 11:36:40] local.INFO: Data diterima {"all_data":{"id":57,"name":"Ahmad","email":"ahmad04102019@gmail.com","role":"admin","password":"$2y$12$8R2pjpk6VFrHPTGL9uyKA.bIP00TKXBLyghyEw/gZiOOCJC1y/7hO"}} 
[2024-12-02 11:36:42] local.INFO: Data diterima {"all_data":{"id":57,"name":"Ahmad","email":"ahmad04102019@gmail.com","role":"admin","password":"$2y$12$8R2pjpk6VFrHPTGL9uyKA.bIP00TKXBLyghyEw/gZiOOCJC1y/7hO"}} 
[2024-12-02 11:37:49] local.INFO: Data diterima {"all_data":{"id":57,"name":"Ahmad","email":"ahmad04102019@gmail.com","role":"admin","password":"$2y$12$8R2pjpk6VFrHPTGL9uyKA.bIP00TKXBLyghyEw/gZiOOCJC1y/7hO"}} 
[2024-12-02 11:38:26] local.INFO: Data diterima {"all_data":{"id":57,"name":"Ahmad","email":"ahmad04102019@gmail.com","role":"admin","password":"$2y$12$8R2pjpk6VFrHPTGL9uyKA.bIP00TKXBLyghyEw/gZiOOCJC1y/7hO"}} 
[2024-12-02 11:39:11] local.INFO: Data diterima {"all_data":{"id":57,"name":"Ahmad","email":"ahmad04102019@gmail.com","role":"admin","password":"$2y$12$8R2pjpk6VFrHPTGL9uyKA.bIP00TKXBLyghyEw/gZiOOCJC1y/7hO"}} 
[2024-12-02 11:39:55] local.INFO: Data diterima {"all_data":{"id":57,"name":"Ahmad","email":"ahmad04102019@gmail.com","role":"admin","password":"$2y$12$8R2pjpk6VFrHPTGL9uyKA.bIP00TKXBLyghyEw/gZiOOCJC1y/7hO"}} 
[2024-12-02 11:40:35] local.INFO: Data diterima {"all_data":{"id":57,"name":"AhmadAku","email":"ahmad04102019@gmail.com","role":"admin","password":"$2y$12$8R2pjpk6VFrHPTGL9uyKA.bIP00TKXBLyghyEw/gZiOOCJC1y/7hO"}} 
[2024-12-02 11:45:24] local.INFO: Data diterima {"all_data":{"id":57,"name":"AhmadAku","email":"ahmad04102019@gmail.com","role":"admin","password":"$2y$12$8R2pjpk6VFrHPTGL9uyKA.bIP00TKXBLyghyEw/gZiOOCJC1y/7hO"}} 
[2024-12-02 11:51:59] local.INFO: Data diterima {"all_data":[]} 
[2024-12-02 11:53:26] local.INFO: Data diterima {"all_data":{"id":"26","judul_materi":"HTML DASAR","deskripsi":"HTML Dasar (Hypertext Markup Language) adalah bahasa standar yang digunakan untuk membuat dan menyusun struktur konten di halaman web. HTML menggunakan elemen-elemen yang disebut tag untuk mendeskripsikan berbagai bagian dari halaman, seperti teks, gambar, tautan, dan struktur lainnya.","link_materi":"pdfs/HTP3RGpj6udH8QB0Qtj2cs55IFTAcUpsC4i1qYP5.pdf","picture":"images/SPUJp3Fs8rRBrgZNc9ilnVgdY8mI4ejeT1jptSjT.jpg","level_materi":"Pemula"},"link_materi":null,"picture":null} 
[2024-12-02 11:53:26] local.ERROR: Error during update: {"error":"The link materi field must be a file. (and 3 more errors)"} 
[2024-12-02 12:44:40] local.INFO: Data diterima {"all_data":{"id":"30","judul_materi":"CSS DASAR","deskripsi":"CSS Dasar (Cascading Style Sheets) adalah bahasa yang digunakan untuk mendesain dan mengatur tampilan halaman web yang dibuat dengan HTML. CSS memungkinkan pengembang web untuk mengontrol aspek visual halaman, seperti warna, ukuran font, tata letak, dan elemen-elemen lain di halaman web.","link_materi":"pdfs/EqkZ6LPtIQiye73fP2hgn8hjAblP3eo2OsXgoHAm.pdf","level_materi":"Pemula","picture":{"Illuminate\\Http\\UploadedFile":"C:\\Ahmad\\tmp\\phpFABC.tmp"}},"link_materi":null,"picture":{"Illuminate\\Http\\UploadedFile":"C:\\Ahmad\\tmp\\phpFABC.tmp"}} 
[2024-12-02 12:44:40] local.ERROR: Error during update: {"error":"The link materi field must be a file. (and 1 more error)"} 
[2024-12-02 12:44:45] local.INFO: Data diterima {"all_data":{"id":"30","judul_materi":"CSS DASAR","deskripsi":"CSS Dasar (Cascading Style Sheets) adalah bahasa yang digunakan untuk mendesain dan mengatur tampilan halaman web yang dibuat dengan HTML. CSS memungkinkan pengembang web untuk mengontrol aspek visual halaman, seperti warna, ukuran font, tata letak, dan elemen-elemen lain di halaman web.","link_materi":"pdfs/EqkZ6LPtIQiye73fP2hgn8hjAblP3eo2OsXgoHAm.pdf","level_materi":"Pemula","picture":{"Illuminate\\Http\\UploadedFile":"C:\\Ahmad\\tmp\\phpED2.tmp"}},"link_materi":null,"picture":{"Illuminate\\Http\\UploadedFile":"C:\\Ahmad\\tmp\\phpED2.tmp"}} 
[2024-12-02 12:44:45] local.ERROR: Error during update: {"error":"The link materi field must be a file. (and 1 more error)"} 
[2024-12-02 12:47:44] local.INFO: Data diterima {"all_data":{"id":"30","judul_materi":"CSS DASAR","deskripsi":"CSS Dasar (Cascading Style Sheets) adalah bahasa yang digunakan untuk mendesain dan mengatur tampilan halaman web yang dibuat dengan HTML. CSS memungkinkan pengembang web untuk mengontrol aspek visual halaman, seperti warna, ukuran font, tata letak, dan elemen-elemen lain di halaman web.","level_materi":"Pemula","link_materi":{"Illuminate\\Http\\UploadedFile":"C:\\Ahmad\\tmp\\phpC884.tmp"},"picture":{"Illuminate\\Http\\UploadedFile":"C:\\Ahmad\\tmp\\phpC885.tmp"}},"link_materi":{"Illuminate\\Http\\UploadedFile":"C:\\Ahmad\\tmp\\phpC884.tmp"},"picture":{"Illuminate\\Http\\UploadedFile":"C:\\Ahmad\\tmp\\phpC885.tmp"}} 
